\BOOKMARK [1][-]{section.1}{Przedstawienie problemu symulacji N cia\233}{}% 1
\BOOKMARK [2][-]{subsection.1.1}{Szczeg\363lne przypadki}{section.1}% 2
\BOOKMARK [3][-]{subsubsection.1.1.1}{Problem dw\363ch cia\233}{subsection.1.1}% 3
\BOOKMARK [3][-]{subsubsection.1.1.2}{Problem trzech cia\233}{subsection.1.1}% 4
\BOOKMARK [2][-]{subsection.1.2}{Zastosowania}{section.1}% 5
\BOOKMARK [2][-]{subsection.1.3}{Implementacja i wykorzystane technologie}{section.1}% 6
\BOOKMARK [1][-]{section.2}{Teoretyczne podstawy symulacji N cia\233}{}% 7
\BOOKMARK [1][-]{section.3}{Naiwny algorytm symulacji N cia\233}{}% 8
\BOOKMARK [2][-]{subsection.3.1}{Jednowatkowa wersja naiwnego algorytmu}{section.3}% 9
\BOOKMARK [2][-]{subsection.3.2}{Zr\363wnoleglenie naiwnego algorytmu}{section.3}% 10
\BOOKMARK [3][-]{subsubsection.3.2.1}{Architektura CUDA}{subsection.3.2}% 11
\BOOKMARK [3][-]{subsubsection.3.2.2}{Thrust}{subsection.3.2}% 12
\BOOKMARK [3][-]{subsubsection.3.2.3}{Implementacja wielowatkowa}{subsection.3.2}% 13
\BOOKMARK [2][-]{subsection.3.3}{Softening}{section.3}% 14
\BOOKMARK [2][-]{subsection.3.4}{Z\233ozonosc zr\363wnoleglonej naiwnej wersji algorytmu}{section.3}% 15
\BOOKMARK [1][-]{section.4}{Symulacja N cia\233 algorytmem Barnes Hut}{}% 16
\BOOKMARK [2][-]{subsection.4.1}{Drzewa \323semkowe}{section.4}% 17
\BOOKMARK [2][-]{subsection.4.2}{Algorytm Barnes Hut z pseudokodem}{section.4}% 18
\BOOKMARK [2][-]{subsection.4.3}{Rekurencyjne tworzenie drzewa}{section.4}% 19
\BOOKMARK [3][-]{subsubsection.4.3.1}{Funkcja CreateTree}{subsection.4.3}% 20
\BOOKMARK [3][-]{subsubsection.4.3.2}{Funkcja InsertNode}{subsection.4.3}% 21
\BOOKMARK [1][-]{section.5}{Zr\363wnoleglenie algorytmu Barnes Hut}{}% 22
\BOOKMARK [2][-]{subsection.5.1}{Kody Mortona}{section.5}% 23
\BOOKMARK [2][-]{subsection.5.2}{R\363wnoleg\233a implementacja drzew \363semkowych}{section.5}% 24
\BOOKMARK [2][-]{subsection.5.3}{Pseudokody poszczeg\363lnych krok\363w}{section.5}% 25
\BOOKMARK [3][-]{subsubsection.5.3.1}{Liczenie kod\363w Mortona}{subsection.5.3}% 26
\BOOKMARK [3][-]{subsubsection.5.3.2}{Sortowanie oraz usuwanie duplikat\363w w kodach}{subsection.5.3}% 27
\BOOKMARK [3][-]{subsubsection.5.3.3}{Zliczenie wez\233\363w wewnetrznych oraz \233aczenie wez\233\363w}{subsection.5.3}% 28
\BOOKMARK [1][-]{section.6}{Liczenie si\233 oddzia\233ujacych na cia\233o}{}% 29
\BOOKMARK [1][-]{section.7}{Wizualizacja}{}% 30
\BOOKMARK [2][-]{subsection.7.1}{OpenGL}{section.7}% 31
\BOOKMARK [2][-]{subsection.7.2}{Renderowanie symulacji}{section.7}% 32
\BOOKMARK [1][-]{section.8}{Podsumowanie}{}% 33
